mode: set
github.com/zaffka/mapcache/mapcache/helpers.go:6.62,8.2 1 1
github.com/zaffka/mapcache/mapcache/mapcacher.go:38.30,39.17 1 1
github.com/zaffka/mapcache/mapcache/mapcacher.go:46.2,46.17 1 1
github.com/zaffka/mapcache/mapcache/mapcacher.go:39.17,45.3 2 1
github.com/zaffka/mapcache/mapcache/mapcacher.go:50.56,68.2 5 1
github.com/zaffka/mapcache/mapcache/mapcacher.go:71.57,76.8 4 1
github.com/zaffka/mapcache/mapcache/mapcacher.go:81.2,81.16 1 1
github.com/zaffka/mapcache/mapcache/mapcacher.go:76.8,79.3 2 1
github.com/zaffka/mapcache/mapcache/mapcacher.go:85.40,89.2 3 1
github.com/zaffka/mapcache/mapcache/mapcacher.go:92.53,99.2 3 1
